2025-01-23T08:48:51.305+03:00  INFO 2064 --- [main] o.h.t.TaskTrackerAppApplication          : Starting TaskTrackerAppApplication using Java 21.0.4 with PID 2064 (C:\Users\Sinan\Desktop\Java16\TaskTrackerApp\build\classes\java\main started by Sinan in C:\Users\Sinan\Desktop\Java16\TaskTrackerApp)
2025-01-23T08:48:51.307+03:00 DEBUG 2064 --- [main] o.h.t.TaskTrackerAppApplication          : Running with Spring Boot v3.4.1, Spring v6.2.1
2025-01-23T08:48:51.308+03:00  INFO 2064 --- [main] o.h.t.TaskTrackerAppApplication          : No active profile set, falling back to 1 default profile: "default"
2025-01-23T08:48:55.070+03:00  INFO 2064 --- [main] o.h.t.TaskTrackerAppApplication          : Started TaskTrackerAppApplication in 4.577 seconds (process running for 5.816)
2025-01-23T09:00:12.726+03:00  INFO 15620 --- [main] o.h.t.TaskTrackerAppApplication          : Starting TaskTrackerAppApplication using Java 21.0.4 with PID 15620 (C:\Users\Sinan\Desktop\Java16\TaskTrackerApp\build\classes\java\main started by Sinan in C:\Users\Sinan\Desktop\Java16\TaskTrackerApp)
2025-01-23T09:00:12.729+03:00 DEBUG 15620 --- [main] o.h.t.TaskTrackerAppApplication          : Running with Spring Boot v3.4.1, Spring v6.2.1
2025-01-23T09:00:12.730+03:00  INFO 15620 --- [main] o.h.t.TaskTrackerAppApplication          : No active profile set, falling back to 1 default profile: "default"
2025-01-23T09:00:18.542+03:00  INFO 5884 --- [main] o.h.t.TaskTrackerAppApplication          : Starting TaskTrackerAppApplication using Java 21.0.4 with PID 5884 (C:\Users\Sinan\Desktop\Java16\TaskTrackerApp\build\classes\java\main started by Sinan in C:\Users\Sinan\Desktop\Java16\TaskTrackerApp)
2025-01-23T09:00:18.545+03:00 DEBUG 5884 --- [main] o.h.t.TaskTrackerAppApplication          : Running with Spring Boot v3.4.1, Spring v6.2.1
2025-01-23T09:00:18.546+03:00  INFO 5884 --- [main] o.h.t.TaskTrackerAppApplication          : No active profile set, falling back to 1 default profile: "default"
2025-01-23T09:00:24.534+03:00  INFO 25964 --- [main] o.h.t.TaskTrackerAppApplication          : Starting TaskTrackerAppApplication using Java 21.0.4 with PID 25964 (C:\Users\Sinan\Desktop\Java16\TaskTrackerApp\build\classes\java\main started by Sinan in C:\Users\Sinan\Desktop\Java16\TaskTrackerApp)
2025-01-23T09:00:24.536+03:00 DEBUG 25964 --- [main] o.h.t.TaskTrackerAppApplication          : Running with Spring Boot v3.4.1, Spring v6.2.1
2025-01-23T09:00:24.537+03:00  INFO 25964 --- [main] o.h.t.TaskTrackerAppApplication          : No active profile set, falling back to 1 default profile: "default"
2025-01-23T09:00:25.395+03:00  INFO 5884 --- [main] o.h.t.TaskTrackerAppApplication          : Started TaskTrackerAppApplication in 7.787 seconds (process running for 9.012)
2025-01-23T09:00:28.480+03:00 ERROR 25964 --- [main] o.s.b.d.LoggingFailureAnalysisReporter   : 

***************************
APPLICATION FAILED TO START
***************************

Description:

Web server failed to start. Port 9090 was already in use.

Action:

Identify and stop the process that's listening on port 9090 or configure this application to listen on another port.

2025-01-23T09:00:34.798+03:00  INFO 24896 --- [main] o.h.t.TaskTrackerAppApplication          : Starting TaskTrackerAppApplication using Java 21.0.4 with PID 24896 (C:\Users\Sinan\Desktop\Java16\TaskTrackerApp\build\classes\java\main started by Sinan in C:\Users\Sinan\Desktop\Java16\TaskTrackerApp)
2025-01-23T09:00:34.800+03:00 DEBUG 24896 --- [main] o.h.t.TaskTrackerAppApplication          : Running with Spring Boot v3.4.1, Spring v6.2.1
2025-01-23T09:00:34.801+03:00  INFO 24896 --- [main] o.h.t.TaskTrackerAppApplication          : No active profile set, falling back to 1 default profile: "default"
2025-01-23T09:00:38.052+03:00  INFO 24896 --- [main] o.h.t.TaskTrackerAppApplication          : Started TaskTrackerAppApplication in 3.758 seconds (process running for 4.449)
2025-01-23T09:01:16.628+03:00  INFO 13476 --- [main] o.h.t.TaskTrackerAppApplication          : Starting TaskTrackerAppApplication using Java 21.0.4 with PID 13476 (C:\Users\Sinan\Desktop\Java16\TaskTrackerApp\build\classes\java\main started by Sinan in C:\Users\Sinan\Desktop\Java16\TaskTrackerApp)
2025-01-23T09:01:16.630+03:00 DEBUG 13476 --- [main] o.h.t.TaskTrackerAppApplication          : Running with Spring Boot v3.4.1, Spring v6.2.1
2025-01-23T09:01:16.631+03:00  INFO 13476 --- [main] o.h.t.TaskTrackerAppApplication          : No active profile set, falling back to 1 default profile: "default"
2025-01-23T09:01:20.049+03:00  INFO 13476 --- [main] o.h.t.TaskTrackerAppApplication          : Started TaskTrackerAppApplication in 3.944 seconds (process running for 4.679)
2025-01-23T09:01:38.023+03:00 ERROR 13476 --- [http-nio-9090-exec-1] o.h.t.exception.GlobalExceptionHandler   : All errors occur at :User not found[User not found]
2025-01-23T09:02:14.724+03:00 ERROR 13476 --- [http-nio-9090-exec-4] o.h.t.exception.GlobalExceptionHandler   : All errors occur at :Server Error, Try Again Later[java.lang.ClassNotFoundException: Cannot find implementation for org.hatice.tasktrackerapp.mapper.UserMapper]
2025-01-23T09:04:34.254+03:00  INFO 17872 --- [main] o.h.t.TaskTrackerAppApplication          : Starting TaskTrackerAppApplication using Java 21.0.4 with PID 17872 (C:\Users\Sinan\Desktop\Java16\TaskTrackerApp\build\classes\java\main started by Sinan in C:\Users\Sinan\Desktop\Java16\TaskTrackerApp)
2025-01-23T09:04:34.257+03:00 DEBUG 17872 --- [main] o.h.t.TaskTrackerAppApplication          : Running with Spring Boot v3.4.1, Spring v6.2.1
2025-01-23T09:04:34.258+03:00  INFO 17872 --- [main] o.h.t.TaskTrackerAppApplication          : No active profile set, falling back to 1 default profile: "default"
2025-01-23T09:04:37.786+03:00  INFO 17872 --- [main] o.h.t.TaskTrackerAppApplication          : Started TaskTrackerAppApplication in 4.05 seconds (process running for 5.031)
2025-01-23T09:05:07.531+03:00 ERROR 17872 --- [http-nio-9090-exec-1] o.h.t.exception.GlobalExceptionHandler   : All errors occur at :User not found[User not found]
2025-01-23T09:06:09.530+03:00 ERROR 17872 --- [http-nio-9090-exec-4] o.h.t.exception.GlobalExceptionHandler   : All errors occur at :Validation Errors, Please check validation rules[dueDate Validation Error: boş değer olamaz]
2025-01-23T09:06:24.112+03:00 ERROR 17872 --- [http-nio-9090-exec-5] o.h.t.exception.GlobalExceptionHandler   : All errors occur at :User not found[User not found]
2025-01-23T09:07:17.910+03:00 ERROR 17872 --- [http-nio-9090-exec-7] o.h.t.exception.GlobalExceptionHandler   : All errors occur at :Server Error, Try Again Later[java.lang.ClassNotFoundException: Cannot find implementation for org.hatice.tasktrackerapp.mapper.UserMapper]
2025-01-23T09:10:11.536+03:00  INFO 2472 --- [main] o.h.t.TaskTrackerAppApplication          : Starting TaskTrackerAppApplication using Java 21.0.4 with PID 2472 (C:\Users\Sinan\Desktop\Java16\TaskTrackerApp\build\classes\java\main started by Sinan in C:\Users\Sinan\Desktop\Java16\TaskTrackerApp)
2025-01-23T09:10:11.538+03:00 DEBUG 2472 --- [main] o.h.t.TaskTrackerAppApplication          : Running with Spring Boot v3.4.1, Spring v6.2.1
2025-01-23T09:10:11.538+03:00  INFO 2472 --- [main] o.h.t.TaskTrackerAppApplication          : No active profile set, falling back to 1 default profile: "default"
2025-01-23T09:10:15.242+03:00  INFO 2472 --- [main] o.h.t.TaskTrackerAppApplication          : Started TaskTrackerAppApplication in 4.241 seconds (process running for 5.176)
2025-01-23T09:11:31.534+03:00 ERROR 2472 --- [http-nio-9090-exec-1] o.h.t.exception.GlobalExceptionHandler   : All errors occur at :Server Error, Try Again Later[java.lang.ClassNotFoundException: Cannot find implementation for org.hatice.tasktrackerapp.mapper.UserMapper]
2025-01-23T09:14:18.526+03:00 ERROR 2472 --- [http-nio-9090-exec-2] o.h.t.exception.GlobalExceptionHandler   : All errors occur at :User not found[User not found]
2025-01-23T09:16:50.319+03:00  INFO 11004 --- [main] o.h.t.TaskTrackerAppApplication          : Starting TaskTrackerAppApplication using Java 21.0.4 with PID 11004 (C:\Users\Sinan\Desktop\Java16\TaskTrackerApp\build\classes\java\main started by Sinan in C:\Users\Sinan\Desktop\Java16\TaskTrackerApp)
2025-01-23T09:16:50.321+03:00 DEBUG 11004 --- [main] o.h.t.TaskTrackerAppApplication          : Running with Spring Boot v3.4.1, Spring v6.2.1
2025-01-23T09:16:50.322+03:00  INFO 11004 --- [main] o.h.t.TaskTrackerAppApplication          : No active profile set, falling back to 1 default profile: "default"
2025-01-23T09:16:53.907+03:00  INFO 11004 --- [main] o.h.t.TaskTrackerAppApplication          : Started TaskTrackerAppApplication in 4.1 seconds (process running for 4.989)
2025-01-23T09:17:23.622+03:00 ERROR 11004 --- [http-nio-9090-exec-8] o.h.t.exception.GlobalExceptionHandler   : All errors occur at :Server Error, Try Again Later[java.lang.ClassNotFoundException: Cannot find implementation for org.hatice.tasktrackerapp.mapper.UserMapper]
2025-01-23T09:18:13.661+03:00  INFO 2392 --- [main] o.h.t.TaskTrackerAppApplication          : Starting TaskTrackerAppApplication using Java 21.0.4 with PID 2392 (C:\Users\Sinan\Desktop\Java16\TaskTrackerApp\build\classes\java\main started by Sinan in C:\Users\Sinan\Desktop\Java16\TaskTrackerApp)
2025-01-23T09:18:13.663+03:00 DEBUG 2392 --- [main] o.h.t.TaskTrackerAppApplication          : Running with Spring Boot v3.4.1, Spring v6.2.1
2025-01-23T09:18:13.664+03:00  INFO 2392 --- [main] o.h.t.TaskTrackerAppApplication          : No active profile set, falling back to 1 default profile: "default"
2025-01-23T09:18:17.134+03:00  INFO 2392 --- [main] o.h.t.TaskTrackerAppApplication          : Started TaskTrackerAppApplication in 3.967 seconds (process running for 4.84)
2025-01-23T09:26:54.247+03:00 ERROR 2392 --- [http-nio-9090-exec-1] o.h.t.exception.GlobalExceptionHandler   : All errors occur at :Server Error, Try Again Later[java.lang.ClassNotFoundException: Cannot find implementation for org.hatice.tasktrackerapp.mapper.UserMapper]
2025-01-23T09:31:25.550+03:00  INFO 17040 --- [main] o.h.t.TaskTrackerAppApplication          : Starting TaskTrackerAppApplication using Java 21.0.4 with PID 17040 (C:\Users\Sinan\Desktop\Java16\TaskTrackerApp\build\classes\java\main started by Sinan in C:\Users\Sinan\Desktop\Java16\TaskTrackerApp)
2025-01-23T09:31:25.552+03:00 DEBUG 17040 --- [main] o.h.t.TaskTrackerAppApplication          : Running with Spring Boot v3.4.1, Spring v6.2.1
2025-01-23T09:31:25.553+03:00  INFO 17040 --- [main] o.h.t.TaskTrackerAppApplication          : No active profile set, falling back to 1 default profile: "default"
2025-01-23T09:31:29.236+03:00  INFO 17040 --- [main] o.h.t.TaskTrackerAppApplication          : Started TaskTrackerAppApplication in 4.147 seconds (process running for 5.041)
2025-01-23T09:31:39.743+03:00 ERROR 17040 --- [http-nio-9090-exec-1] o.h.t.exception.GlobalExceptionHandler   : All errors occur at :Server Error, Try Again Later[java.lang.ClassNotFoundException: Cannot find implementation for org.hatice.tasktrackerapp.mapper.UserMapper]
2025-01-23T09:32:21.289+03:00  INFO 15036 --- [main] o.h.t.TaskTrackerAppApplication          : Starting TaskTrackerAppApplication using Java 21.0.4 with PID 15036 (C:\Users\Sinan\Desktop\Java16\TaskTrackerApp\build\classes\java\main started by Sinan in C:\Users\Sinan\Desktop\Java16\TaskTrackerApp)
2025-01-23T09:32:21.292+03:00 DEBUG 15036 --- [main] o.h.t.TaskTrackerAppApplication          : Running with Spring Boot v3.4.1, Spring v6.2.1
2025-01-23T09:32:21.292+03:00  INFO 15036 --- [main] o.h.t.TaskTrackerAppApplication          : No active profile set, falling back to 1 default profile: "default"
2025-01-23T09:32:24.775+03:00  INFO 15036 --- [main] o.h.t.TaskTrackerAppApplication          : Started TaskTrackerAppApplication in 4.006 seconds (process running for 4.746)
2025-01-23T09:32:29.558+03:00 ERROR 15036 --- [http-nio-9090-exec-1] o.h.t.exception.GlobalExceptionHandler   : All errors occur at :Server Error, Try Again Later[java.lang.ClassNotFoundException: Cannot find implementation for org.hatice.tasktrackerapp.mapper.UserMapper]
2025-01-23T09:32:52.554+03:00  INFO 25120 --- [main] o.h.t.TaskTrackerAppApplication          : Starting TaskTrackerAppApplication using Java 21.0.4 with PID 25120 (C:\Users\Sinan\Desktop\Java16\TaskTrackerApp\build\classes\java\main started by Sinan in C:\Users\Sinan\Desktop\Java16\TaskTrackerApp)
2025-01-23T09:32:52.556+03:00 DEBUG 25120 --- [main] o.h.t.TaskTrackerAppApplication          : Running with Spring Boot v3.4.1, Spring v6.2.1
2025-01-23T09:32:52.557+03:00  INFO 25120 --- [main] o.h.t.TaskTrackerAppApplication          : No active profile set, falling back to 1 default profile: "default"
2025-01-23T09:32:56.178+03:00  INFO 25120 --- [main] o.h.t.TaskTrackerAppApplication          : Started TaskTrackerAppApplication in 4.289 seconds (process running for 4.999)
2025-01-23T09:32:58.295+03:00 ERROR 25120 --- [http-nio-9090-exec-1] o.h.t.exception.GlobalExceptionHandler   : All errors occur at :Server Error, Try Again Later[java.lang.ClassNotFoundException: Cannot find implementation for org.hatice.tasktrackerapp.mapper.UserMapper]
2025-01-23T10:02:18.316+03:00 ERROR 25120 --- [http-nio-9090-exec-2] o.a.c.c.C.[.[.[/].[dispatcherServlet]    : Servlet.service() for servlet [dispatcherServlet] in context with path [] threw exception [Handler dispatch failed: java.lang.NoClassDefFoundError: Could not initialize class org.hatice.tasktrackerapp.mapper.UserMapper] with root cause

java.lang.ExceptionInInitializerError: Exception java.lang.RuntimeException: java.lang.ClassNotFoundException: Cannot find implementation for org.hatice.tasktrackerapp.mapper.UserMapper [in thread "http-nio-9090-exec-1"]
	at org.mapstruct.factory.Mappers.getMapper(Mappers.java:61) ~[mapstruct-1.6.3.jar:na]
	at org.hatice.tasktrackerapp.mapper.UserMapper.<clinit>(UserMapper.java:14) ~[main/:na]
	at org.hatice.tasktrackerapp.service.UsersService.save(UsersService.java:37) ~[main/:na]
	at org.hatice.tasktrackerapp.controller.UsersController.saveUser(UsersController.java:61) ~[main/:na]
	at java.base/jdk.internal.reflect.DirectMethodHandleAccessor.invoke(DirectMethodHandleAccessor.java:103) ~[na:na]
	at java.base/java.lang.reflect.Method.invoke(Method.java:580) ~[na:na]
	at org.springframework.web.method.support.InvocableHandlerMethod.doInvoke(InvocableHandlerMethod.java:257) ~[spring-web-6.2.1.jar:6.2.1]
	at org.springframework.web.method.support.InvocableHandlerMethod.invokeForRequest(InvocableHandlerMethod.java:190) ~[spring-web-6.2.1.jar:6.2.1]
	at org.springframework.web.servlet.mvc.method.annotation.ServletInvocableHandlerMethod.invokeAndHandle(ServletInvocableHandlerMethod.java:118) ~[spring-webmvc-6.2.1.jar:6.2.1]
	at org.springframework.web.servlet.mvc.method.annotation.RequestMappingHandlerAdapter.invokeHandlerMethod(RequestMappingHandlerAdapter.java:986) ~[spring-webmvc-6.2.1.jar:6.2.1]
	at org.springframework.web.servlet.mvc.method.annotation.RequestMappingHandlerAdapter.handleInternal(RequestMappingHandlerAdapter.java:891) ~[spring-webmvc-6.2.1.jar:6.2.1]
	at org.springframework.web.servlet.mvc.method.AbstractHandlerMethodAdapter.handle(AbstractHandlerMethodAdapter.java:87) ~[spring-webmvc-6.2.1.jar:6.2.1]
	at org.springframework.web.servlet.DispatcherServlet.doDispatch(DispatcherServlet.java:1088) ~[spring-webmvc-6.2.1.jar:6.2.1]
	at org.springframework.web.servlet.DispatcherServlet.doService(DispatcherServlet.java:978) ~[spring-webmvc-6.2.1.jar:6.2.1]
	at org.springframework.web.servlet.FrameworkServlet.processRequest(FrameworkServlet.java:1014) ~[spring-webmvc-6.2.1.jar:6.2.1]
	at org.springframework.web.servlet.FrameworkServlet.doPost(FrameworkServlet.java:914) ~[spring-webmvc-6.2.1.jar:6.2.1]
	at jakarta.servlet.http.HttpServlet.service(HttpServlet.java:590) ~[tomcat-embed-core-10.1.34.jar:6.0]
	at org.springframework.web.servlet.FrameworkServlet.service(FrameworkServlet.java:885) ~[spring-webmvc-6.2.1.jar:6.2.1]
	at jakarta.servlet.http.HttpServlet.service(HttpServlet.java:658) ~[tomcat-embed-core-10.1.34.jar:6.0]
	at org.apache.catalina.core.ApplicationFilterChain.internalDoFilter(ApplicationFilterChain.java:195) ~[tomcat-embed-core-10.1.34.jar:10.1.34]
	at org.apache.catalina.core.ApplicationFilterChain.doFilter(ApplicationFilterChain.java:140) ~[tomcat-embed-core-10.1.34.jar:10.1.34]
	at org.apache.tomcat.websocket.server.WsFilter.doFilter(WsFilter.java:51) ~[tomcat-embed-websocket-10.1.34.jar:10.1.34]
	at org.apache.catalina.core.ApplicationFilterChain.internalDoFilter(ApplicationFilterChain.java:164) ~[tomcat-embed-core-10.1.34.jar:10.1.34]
	at org.apache.catalina.core.ApplicationFilterChain.doFilter(ApplicationFilterChain.java:140) ~[tomcat-embed-core-10.1.34.jar:10.1.34]
	at org.springframework.web.filter.RequestContextFilter.doFilterInternal(RequestContextFilter.java:100) ~[spring-web-6.2.1.jar:6.2.1]
	at org.springframework.web.filter.OncePerRequestFilter.doFilter(OncePerRequestFilter.java:116) ~[spring-web-6.2.1.jar:6.2.1]
	at org.apache.catalina.core.ApplicationFilterChain.internalDoFilter(ApplicationFilterChain.java:164) ~[tomcat-embed-core-10.1.34.jar:10.1.34]
	at org.apache.catalina.core.ApplicationFilterChain.doFilter(ApplicationFilterChain.java:140) ~[tomcat-embed-core-10.1.34.jar:10.1.34]
	at org.springframework.web.filter.FormContentFilter.doFilterInternal(FormContentFilter.java:93) ~[spring-web-6.2.1.jar:6.2.1]
	at org.springframework.web.filter.OncePerRequestFilter.doFilter(OncePerRequestFilter.java:116) ~[spring-web-6.2.1.jar:6.2.1]
	at org.apache.catalina.core.ApplicationFilterChain.internalDoFilter(ApplicationFilterChain.java:164) ~[tomcat-embed-core-10.1.34.jar:10.1.34]
	at org.apache.catalina.core.ApplicationFilterChain.doFilter(ApplicationFilterChain.java:140) ~[tomcat-embed-core-10.1.34.jar:10.1.34]
	at org.springframework.web.filter.CharacterEncodingFilter.doFilterInternal(CharacterEncodingFilter.java:201) ~[spring-web-6.2.1.jar:6.2.1]
	at org.springframework.web.filter.OncePerRequestFilter.doFilter(OncePerRequestFilter.java:116) ~[spring-web-6.2.1.jar:6.2.1]
	at org.apache.catalina.core.ApplicationFilterChain.internalDoFilter(ApplicationFilterChain.java:164) ~[tomcat-embed-core-10.1.34.jar:10.1.34]
	at org.apache.catalina.core.ApplicationFilterChain.doFilter(ApplicationFilterChain.java:140) ~[tomcat-embed-core-10.1.34.jar:10.1.34]
	at org.apache.catalina.core.StandardWrapperValve.invoke(StandardWrapperValve.java:167) ~[tomcat-embed-core-10.1.34.jar:10.1.34]
	at org.apache.catalina.core.StandardContextValve.invoke(StandardContextValve.java:90) ~[tomcat-embed-core-10.1.34.jar:10.1.34]
	at org.apache.catalina.authenticator.AuthenticatorBase.invoke(AuthenticatorBase.java:483) ~[tomcat-embed-core-10.1.34.jar:10.1.34]
	at org.apache.catalina.core.StandardHostValve.invoke(StandardHostValve.java:115) ~[tomcat-embed-core-10.1.34.jar:10.1.34]
	at org.apache.catalina.valves.ErrorReportValve.invoke(ErrorReportValve.java:93) ~[tomcat-embed-core-10.1.34.jar:10.1.34]
	at org.apache.catalina.core.StandardEngineValve.invoke(StandardEngineValve.java:74) ~[tomcat-embed-core-10.1.34.jar:10.1.34]
	at org.apache.catalina.connector.CoyoteAdapter.service(CoyoteAdapter.java:344) ~[tomcat-embed-core-10.1.34.jar:10.1.34]
	at org.apache.coyote.http11.Http11Processor.service(Http11Processor.java:397) ~[tomcat-embed-core-10.1.34.jar:10.1.34]
	at org.apache.coyote.AbstractProcessorLight.process(AbstractProcessorLight.java:63) ~[tomcat-embed-core-10.1.34.jar:10.1.34]
	at org.apache.coyote.AbstractProtocol$ConnectionHandler.process(AbstractProtocol.java:905) ~[tomcat-embed-core-10.1.34.jar:10.1.34]
	at org.apache.tomcat.util.net.NioEndpoint$SocketProcessor.doRun(NioEndpoint.java:1741) ~[tomcat-embed-core-10.1.34.jar:10.1.34]
	at org.apache.tomcat.util.net.SocketProcessorBase.run(SocketProcessorBase.java:52) ~[tomcat-embed-core-10.1.34.jar:10.1.34]
	at org.apache.tomcat.util.threads.ThreadPoolExecutor.runWorker(ThreadPoolExecutor.java:1190) ~[tomcat-embed-core-10.1.34.jar:10.1.34]
	at org.apache.tomcat.util.threads.ThreadPoolExecutor$Worker.run(ThreadPoolExecutor.java:659) ~[tomcat-embed-core-10.1.34.jar:10.1.34]
	at org.apache.tomcat.util.threads.TaskThread$WrappingRunnable.run(TaskThread.java:63) ~[tomcat-embed-core-10.1.34.jar:10.1.34]
	at java.base/java.lang.Thread.run(Thread.java:1583) ~[na:na]

2025-01-23T10:06:01.512+03:00 ERROR 25120 --- [http-nio-9090-exec-8] o.h.t.exception.GlobalExceptionHandler   : All errors occur at :Validation Errors, Please check validation rules[password Validation Error: boş değer olamaz, username Validation Error: username cannot be empty.]
2025-01-23T10:06:22.011+03:00 ERROR 25120 --- [http-nio-9090-exec-10] o.a.c.c.C.[.[.[/].[dispatcherServlet]    : Servlet.service() for servlet [dispatcherServlet] in context with path [] threw exception [Handler dispatch failed: java.lang.NoClassDefFoundError: Could not initialize class org.hatice.tasktrackerapp.mapper.UserMapper] with root cause

java.lang.ExceptionInInitializerError: Exception java.lang.RuntimeException: java.lang.ClassNotFoundException: Cannot find implementation for org.hatice.tasktrackerapp.mapper.UserMapper [in thread "http-nio-9090-exec-1"]
	at org.mapstruct.factory.Mappers.getMapper(Mappers.java:61) ~[mapstruct-1.6.3.jar:na]
	at org.hatice.tasktrackerapp.mapper.UserMapper.<clinit>(UserMapper.java:14) ~[main/:na]
	at org.hatice.tasktrackerapp.service.UsersService.save(UsersService.java:37) ~[main/:na]
	at org.hatice.tasktrackerapp.controller.UsersController.saveUser(UsersController.java:61) ~[main/:na]
	at java.base/jdk.internal.reflect.DirectMethodHandleAccessor.invoke(DirectMethodHandleAccessor.java:103) ~[na:na]
	at java.base/java.lang.reflect.Method.invoke(Method.java:580) ~[na:na]
	at org.springframework.web.method.support.InvocableHandlerMethod.doInvoke(InvocableHandlerMethod.java:257) ~[spring-web-6.2.1.jar:6.2.1]
	at org.springframework.web.method.support.InvocableHandlerMethod.invokeForRequest(InvocableHandlerMethod.java:190) ~[spring-web-6.2.1.jar:6.2.1]
	at org.springframework.web.servlet.mvc.method.annotation.ServletInvocableHandlerMethod.invokeAndHandle(ServletInvocableHandlerMethod.java:118) ~[spring-webmvc-6.2.1.jar:6.2.1]
	at org.springframework.web.servlet.mvc.method.annotation.RequestMappingHandlerAdapter.invokeHandlerMethod(RequestMappingHandlerAdapter.java:986) ~[spring-webmvc-6.2.1.jar:6.2.1]
	at org.springframework.web.servlet.mvc.method.annotation.RequestMappingHandlerAdapter.handleInternal(RequestMappingHandlerAdapter.java:891) ~[spring-webmvc-6.2.1.jar:6.2.1]
	at org.springframework.web.servlet.mvc.method.AbstractHandlerMethodAdapter.handle(AbstractHandlerMethodAdapter.java:87) ~[spring-webmvc-6.2.1.jar:6.2.1]
	at org.springframework.web.servlet.DispatcherServlet.doDispatch(DispatcherServlet.java:1088) ~[spring-webmvc-6.2.1.jar:6.2.1]
	at org.springframework.web.servlet.DispatcherServlet.doService(DispatcherServlet.java:978) ~[spring-webmvc-6.2.1.jar:6.2.1]
	at org.springframework.web.servlet.FrameworkServlet.processRequest(FrameworkServlet.java:1014) ~[spring-webmvc-6.2.1.jar:6.2.1]
	at org.springframework.web.servlet.FrameworkServlet.doPost(FrameworkServlet.java:914) ~[spring-webmvc-6.2.1.jar:6.2.1]
	at jakarta.servlet.http.HttpServlet.service(HttpServlet.java:590) ~[tomcat-embed-core-10.1.34.jar:6.0]
	at org.springframework.web.servlet.FrameworkServlet.service(FrameworkServlet.java:885) ~[spring-webmvc-6.2.1.jar:6.2.1]
	at jakarta.servlet.http.HttpServlet.service(HttpServlet.java:658) ~[tomcat-embed-core-10.1.34.jar:6.0]
	at org.apache.catalina.core.ApplicationFilterChain.internalDoFilter(ApplicationFilterChain.java:195) ~[tomcat-embed-core-10.1.34.jar:10.1.34]
	at org.apache.catalina.core.ApplicationFilterChain.doFilter(ApplicationFilterChain.java:140) ~[tomcat-embed-core-10.1.34.jar:10.1.34]
	at org.apache.tomcat.websocket.server.WsFilter.doFilter(WsFilter.java:51) ~[tomcat-embed-websocket-10.1.34.jar:10.1.34]
	at org.apache.catalina.core.ApplicationFilterChain.internalDoFilter(ApplicationFilterChain.java:164) ~[tomcat-embed-core-10.1.34.jar:10.1.34]
	at org.apache.catalina.core.ApplicationFilterChain.doFilter(ApplicationFilterChain.java:140) ~[tomcat-embed-core-10.1.34.jar:10.1.34]
	at org.springframework.web.filter.RequestContextFilter.doFilterInternal(RequestContextFilter.java:100) ~[spring-web-6.2.1.jar:6.2.1]
	at org.springframework.web.filter.OncePerRequestFilter.doFilter(OncePerRequestFilter.java:116) ~[spring-web-6.2.1.jar:6.2.1]
	at org.apache.catalina.core.ApplicationFilterChain.internalDoFilter(ApplicationFilterChain.java:164) ~[tomcat-embed-core-10.1.34.jar:10.1.34]
	at org.apache.catalina.core.ApplicationFilterChain.doFilter(ApplicationFilterChain.java:140) ~[tomcat-embed-core-10.1.34.jar:10.1.34]
	at org.springframework.web.filter.FormContentFilter.doFilterInternal(FormContentFilter.java:93) ~[spring-web-6.2.1.jar:6.2.1]
	at org.springframework.web.filter.OncePerRequestFilter.doFilter(OncePerRequestFilter.java:116) ~[spring-web-6.2.1.jar:6.2.1]
	at org.apache.catalina.core.ApplicationFilterChain.internalDoFilter(ApplicationFilterChain.java:164) ~[tomcat-embed-core-10.1.34.jar:10.1.34]
	at org.apache.catalina.core.ApplicationFilterChain.doFilter(ApplicationFilterChain.java:140) ~[tomcat-embed-core-10.1.34.jar:10.1.34]
	at org.springframework.web.filter.CharacterEncodingFilter.doFilterInternal(CharacterEncodingFilter.java:201) ~[spring-web-6.2.1.jar:6.2.1]
	at org.springframework.web.filter.OncePerRequestFilter.doFilter(OncePerRequestFilter.java:116) ~[spring-web-6.2.1.jar:6.2.1]
	at org.apache.catalina.core.ApplicationFilterChain.internalDoFilter(ApplicationFilterChain.java:164) ~[tomcat-embed-core-10.1.34.jar:10.1.34]
	at org.apache.catalina.core.ApplicationFilterChain.doFilter(ApplicationFilterChain.java:140) ~[tomcat-embed-core-10.1.34.jar:10.1.34]
	at org.apache.catalina.core.StandardWrapperValve.invoke(StandardWrapperValve.java:167) ~[tomcat-embed-core-10.1.34.jar:10.1.34]
	at org.apache.catalina.core.StandardContextValve.invoke(StandardContextValve.java:90) ~[tomcat-embed-core-10.1.34.jar:10.1.34]
	at org.apache.catalina.authenticator.AuthenticatorBase.invoke(AuthenticatorBase.java:483) ~[tomcat-embed-core-10.1.34.jar:10.1.34]
	at org.apache.catalina.core.StandardHostValve.invoke(StandardHostValve.java:115) ~[tomcat-embed-core-10.1.34.jar:10.1.34]
	at org.apache.catalina.valves.ErrorReportValve.invoke(ErrorReportValve.java:93) ~[tomcat-embed-core-10.1.34.jar:10.1.34]
	at org.apache.catalina.core.StandardEngineValve.invoke(StandardEngineValve.java:74) ~[tomcat-embed-core-10.1.34.jar:10.1.34]
	at org.apache.catalina.connector.CoyoteAdapter.service(CoyoteAdapter.java:344) ~[tomcat-embed-core-10.1.34.jar:10.1.34]
	at org.apache.coyote.http11.Http11Processor.service(Http11Processor.java:397) ~[tomcat-embed-core-10.1.34.jar:10.1.34]
	at org.apache.coyote.AbstractProcessorLight.process(AbstractProcessorLight.java:63) ~[tomcat-embed-core-10.1.34.jar:10.1.34]
	at org.apache.coyote.AbstractProtocol$ConnectionHandler.process(AbstractProtocol.java:905) ~[tomcat-embed-core-10.1.34.jar:10.1.34]
	at org.apache.tomcat.util.net.NioEndpoint$SocketProcessor.doRun(NioEndpoint.java:1741) ~[tomcat-embed-core-10.1.34.jar:10.1.34]
	at org.apache.tomcat.util.net.SocketProcessorBase.run(SocketProcessorBase.java:52) ~[tomcat-embed-core-10.1.34.jar:10.1.34]
	at org.apache.tomcat.util.threads.ThreadPoolExecutor.runWorker(ThreadPoolExecutor.java:1190) ~[tomcat-embed-core-10.1.34.jar:10.1.34]
	at org.apache.tomcat.util.threads.ThreadPoolExecutor$Worker.run(ThreadPoolExecutor.java:659) ~[tomcat-embed-core-10.1.34.jar:10.1.34]
	at org.apache.tomcat.util.threads.TaskThread$WrappingRunnable.run(TaskThread.java:63) ~[tomcat-embed-core-10.1.34.jar:10.1.34]
	at java.base/java.lang.Thread.run(Thread.java:1583) ~[na:na]

2025-01-23T11:39:57.651+03:00  INFO 17136 --- [main] o.h.t.TaskTrackerAppApplication          : Starting TaskTrackerAppApplication using Java 21.0.4 with PID 17136 (C:\Users\Sinan\Desktop\Java16\TaskTrackerApp\build\classes\java\main started by Sinan in C:\Users\Sinan\Desktop\Java16\TaskTrackerApp)
2025-01-23T11:39:57.655+03:00 DEBUG 17136 --- [main] o.h.t.TaskTrackerAppApplication          : Running with Spring Boot v3.4.1, Spring v6.2.1
2025-01-23T11:39:57.656+03:00  INFO 17136 --- [main] o.h.t.TaskTrackerAppApplication          : No active profile set, falling back to 1 default profile: "default"
2025-01-23T11:40:02.899+03:00  INFO 17136 --- [main] o.h.t.TaskTrackerAppApplication          : Started TaskTrackerAppApplication in 6.061 seconds (process running for 7.274)
2025-01-23T11:41:34.366+03:00 ERROR 17136 --- [http-nio-9090-exec-1] o.h.t.exception.GlobalExceptionHandler   : All errors occur at :Validation Errors, Please check validation rules[userRole Validation Error: boş değer olamaz]
2025-01-23T11:42:30.802+03:00  INFO 14988 --- [main] o.h.t.TaskTrackerAppApplication          : Starting TaskTrackerAppApplication using Java 21.0.4 with PID 14988 (C:\Users\Sinan\Desktop\Java16\TaskTrackerApp\build\classes\java\main started by Sinan in C:\Users\Sinan\Desktop\Java16\TaskTrackerApp)
2025-01-23T11:42:30.805+03:00 DEBUG 14988 --- [main] o.h.t.TaskTrackerAppApplication          : Running with Spring Boot v3.4.1, Spring v6.2.1
2025-01-23T11:42:30.805+03:00  INFO 14988 --- [main] o.h.t.TaskTrackerAppApplication          : No active profile set, falling back to 1 default profile: "default"
2025-01-23T11:42:35.348+03:00  INFO 14988 --- [main] o.h.t.TaskTrackerAppApplication          : Started TaskTrackerAppApplication in 5.114 seconds (process running for 6.322)
2025-01-23T11:42:41.797+03:00 ERROR 14988 --- [http-nio-9090-exec-1] o.h.t.exception.GlobalExceptionHandler   : All errors occur at :Validation Errors, Please check validation rules[role Validation Error: boş değer olamaz]
2025-01-23T11:43:23.596+03:00  INFO 18996 --- [main] o.h.t.TaskTrackerAppApplication          : Starting TaskTrackerAppApplication using Java 21.0.4 with PID 18996 (C:\Users\Sinan\Desktop\Java16\TaskTrackerApp\build\classes\java\main started by Sinan in C:\Users\Sinan\Desktop\Java16\TaskTrackerApp)
2025-01-23T11:43:23.599+03:00 DEBUG 18996 --- [main] o.h.t.TaskTrackerAppApplication          : Running with Spring Boot v3.4.1, Spring v6.2.1
2025-01-23T11:43:23.600+03:00  INFO 18996 --- [main] o.h.t.TaskTrackerAppApplication          : No active profile set, falling back to 1 default profile: "default"
2025-01-23T11:43:27.953+03:00  INFO 18996 --- [main] o.h.t.TaskTrackerAppApplication          : Started TaskTrackerAppApplication in 5.039 seconds (process running for 6.254)
2025-01-23T11:43:33.051+03:00 ERROR 18996 --- [http-nio-9090-exec-1] o.h.t.exception.GlobalExceptionHandler   : All errors occur at :Server Error, Try Again Later[java.lang.ClassNotFoundException: Cannot find implementation for org.hatice.tasktrackerapp.mapper.UserMapper]
2025-01-23T13:01:08.923+03:00  INFO 10616 --- [main] o.h.t.TaskTrackerAppApplication          : Starting TaskTrackerAppApplication using Java 21.0.4 with PID 10616 (C:\Users\Sinan\Desktop\Java16\TaskTrackerApp\build\classes\java\main started by Sinan in C:\Users\Sinan\Desktop\Java16\TaskTrackerApp)
2025-01-23T13:01:08.925+03:00 DEBUG 10616 --- [main] o.h.t.TaskTrackerAppApplication          : Running with Spring Boot v3.4.1, Spring v6.2.1
2025-01-23T13:01:08.926+03:00  INFO 10616 --- [main] o.h.t.TaskTrackerAppApplication          : No active profile set, falling back to 1 default profile: "default"
2025-01-23T13:01:12.977+03:00  INFO 10616 --- [main] o.h.t.TaskTrackerAppApplication          : Started TaskTrackerAppApplication in 4.641 seconds (process running for 5.435)
2025-01-23T13:02:02.810+03:00 ERROR 10616 --- [http-nio-9090-exec-1] o.h.t.exception.GlobalExceptionHandler   : All errors occur at :Server Error, Try Again Later[java.lang.ClassNotFoundException: Cannot find implementation for org.hatice.tasktrackerapp.mapper.UserMapper]
2025-01-23T13:08:06.574+03:00 ERROR 10616 --- [http-nio-9090-exec-5] o.a.c.c.C.[.[.[/].[dispatcherServlet]    : Servlet.service() for servlet [dispatcherServlet] in context with path [] threw exception [Handler dispatch failed: java.lang.NoClassDefFoundError: Could not initialize class org.hatice.tasktrackerapp.mapper.UserMapper] with root cause

java.lang.ExceptionInInitializerError: Exception java.lang.RuntimeException: java.lang.ClassNotFoundException: Cannot find implementation for org.hatice.tasktrackerapp.mapper.UserMapper [in thread "http-nio-9090-exec-1"]
	at org.mapstruct.factory.Mappers.getMapper(Mappers.java:61) ~[mapstruct-1.6.3.jar:na]
	at org.hatice.tasktrackerapp.mapper.UserMapper.<clinit>(UserMapper.java:12) ~[main/:na]
	at org.hatice.tasktrackerapp.service.UsersService.save(UsersService.java:37) ~[main/:na]
	at org.hatice.tasktrackerapp.controller.UsersController.saveUser(UsersController.java:61) ~[main/:na]
	at java.base/jdk.internal.reflect.DirectMethodHandleAccessor.invoke(DirectMethodHandleAccessor.java:103) ~[na:na]
	at java.base/java.lang.reflect.Method.invoke(Method.java:580) ~[na:na]
	at org.springframework.web.method.support.InvocableHandlerMethod.doInvoke(InvocableHandlerMethod.java:257) ~[spring-web-6.2.1.jar:6.2.1]
	at org.springframework.web.method.support.InvocableHandlerMethod.invokeForRequest(InvocableHandlerMethod.java:190) ~[spring-web-6.2.1.jar:6.2.1]
	at org.springframework.web.servlet.mvc.method.annotation.ServletInvocableHandlerMethod.invokeAndHandle(ServletInvocableHandlerMethod.java:118) ~[spring-webmvc-6.2.1.jar:6.2.1]
	at org.springframework.web.servlet.mvc.method.annotation.RequestMappingHandlerAdapter.invokeHandlerMethod(RequestMappingHandlerAdapter.java:986) ~[spring-webmvc-6.2.1.jar:6.2.1]
	at org.springframework.web.servlet.mvc.method.annotation.RequestMappingHandlerAdapter.handleInternal(RequestMappingHandlerAdapter.java:891) ~[spring-webmvc-6.2.1.jar:6.2.1]
	at org.springframework.web.servlet.mvc.method.AbstractHandlerMethodAdapter.handle(AbstractHandlerMethodAdapter.java:87) ~[spring-webmvc-6.2.1.jar:6.2.1]
	at org.springframework.web.servlet.DispatcherServlet.doDispatch(DispatcherServlet.java:1088) ~[spring-webmvc-6.2.1.jar:6.2.1]
	at org.springframework.web.servlet.DispatcherServlet.doService(DispatcherServlet.java:978) ~[spring-webmvc-6.2.1.jar:6.2.1]
	at org.springframework.web.servlet.FrameworkServlet.processRequest(FrameworkServlet.java:1014) ~[spring-webmvc-6.2.1.jar:6.2.1]
	at org.springframework.web.servlet.FrameworkServlet.doPost(FrameworkServlet.java:914) ~[spring-webmvc-6.2.1.jar:6.2.1]
	at jakarta.servlet.http.HttpServlet.service(HttpServlet.java:590) ~[tomcat-embed-core-10.1.34.jar:6.0]
	at org.springframework.web.servlet.FrameworkServlet.service(FrameworkServlet.java:885) ~[spring-webmvc-6.2.1.jar:6.2.1]
	at jakarta.servlet.http.HttpServlet.service(HttpServlet.java:658) ~[tomcat-embed-core-10.1.34.jar:6.0]
	at org.apache.catalina.core.ApplicationFilterChain.internalDoFilter(ApplicationFilterChain.java:195) ~[tomcat-embed-core-10.1.34.jar:10.1.34]
	at org.apache.catalina.core.ApplicationFilterChain.doFilter(ApplicationFilterChain.java:140) ~[tomcat-embed-core-10.1.34.jar:10.1.34]
	at org.apache.tomcat.websocket.server.WsFilter.doFilter(WsFilter.java:51) ~[tomcat-embed-websocket-10.1.34.jar:10.1.34]
	at org.apache.catalina.core.ApplicationFilterChain.internalDoFilter(ApplicationFilterChain.java:164) ~[tomcat-embed-core-10.1.34.jar:10.1.34]
	at org.apache.catalina.core.ApplicationFilterChain.doFilter(ApplicationFilterChain.java:140) ~[tomcat-embed-core-10.1.34.jar:10.1.34]
	at org.springframework.web.filter.RequestContextFilter.doFilterInternal(RequestContextFilter.java:100) ~[spring-web-6.2.1.jar:6.2.1]
	at org.springframework.web.filter.OncePerRequestFilter.doFilter(OncePerRequestFilter.java:116) ~[spring-web-6.2.1.jar:6.2.1]
	at org.apache.catalina.core.ApplicationFilterChain.internalDoFilter(ApplicationFilterChain.java:164) ~[tomcat-embed-core-10.1.34.jar:10.1.34]
	at org.apache.catalina.core.ApplicationFilterChain.doFilter(ApplicationFilterChain.java:140) ~[tomcat-embed-core-10.1.34.jar:10.1.34]
	at org.springframework.web.filter.FormContentFilter.doFilterInternal(FormContentFilter.java:93) ~[spring-web-6.2.1.jar:6.2.1]
	at org.springframework.web.filter.OncePerRequestFilter.doFilter(OncePerRequestFilter.java:116) ~[spring-web-6.2.1.jar:6.2.1]
	at org.apache.catalina.core.ApplicationFilterChain.internalDoFilter(ApplicationFilterChain.java:164) ~[tomcat-embed-core-10.1.34.jar:10.1.34]
	at org.apache.catalina.core.ApplicationFilterChain.doFilter(ApplicationFilterChain.java:140) ~[tomcat-embed-core-10.1.34.jar:10.1.34]
	at org.springframework.web.filter.CharacterEncodingFilter.doFilterInternal(CharacterEncodingFilter.java:201) ~[spring-web-6.2.1.jar:6.2.1]
	at org.springframework.web.filter.OncePerRequestFilter.doFilter(OncePerRequestFilter.java:116) ~[spring-web-6.2.1.jar:6.2.1]
	at org.apache.catalina.core.ApplicationFilterChain.internalDoFilter(ApplicationFilterChain.java:164) ~[tomcat-embed-core-10.1.34.jar:10.1.34]
	at org.apache.catalina.core.ApplicationFilterChain.doFilter(ApplicationFilterChain.java:140) ~[tomcat-embed-core-10.1.34.jar:10.1.34]
	at org.apache.catalina.core.StandardWrapperValve.invoke(StandardWrapperValve.java:167) ~[tomcat-embed-core-10.1.34.jar:10.1.34]
	at org.apache.catalina.core.StandardContextValve.invoke(StandardContextValve.java:90) ~[tomcat-embed-core-10.1.34.jar:10.1.34]
	at org.apache.catalina.authenticator.AuthenticatorBase.invoke(AuthenticatorBase.java:483) ~[tomcat-embed-core-10.1.34.jar:10.1.34]
	at org.apache.catalina.core.StandardHostValve.invoke(StandardHostValve.java:115) ~[tomcat-embed-core-10.1.34.jar:10.1.34]
	at org.apache.catalina.valves.ErrorReportValve.invoke(ErrorReportValve.java:93) ~[tomcat-embed-core-10.1.34.jar:10.1.34]
	at org.apache.catalina.core.StandardEngineValve.invoke(StandardEngineValve.java:74) ~[tomcat-embed-core-10.1.34.jar:10.1.34]
	at org.apache.catalina.connector.CoyoteAdapter.service(CoyoteAdapter.java:344) ~[tomcat-embed-core-10.1.34.jar:10.1.34]
	at org.apache.coyote.http11.Http11Processor.service(Http11Processor.java:397) ~[tomcat-embed-core-10.1.34.jar:10.1.34]
	at org.apache.coyote.AbstractProcessorLight.process(AbstractProcessorLight.java:63) ~[tomcat-embed-core-10.1.34.jar:10.1.34]
	at org.apache.coyote.AbstractProtocol$ConnectionHandler.process(AbstractProtocol.java:905) ~[tomcat-embed-core-10.1.34.jar:10.1.34]
	at org.apache.tomcat.util.net.NioEndpoint$SocketProcessor.doRun(NioEndpoint.java:1741) ~[tomcat-embed-core-10.1.34.jar:10.1.34]
	at org.apache.tomcat.util.net.SocketProcessorBase.run(SocketProcessorBase.java:52) ~[tomcat-embed-core-10.1.34.jar:10.1.34]
	at org.apache.tomcat.util.threads.ThreadPoolExecutor.runWorker(ThreadPoolExecutor.java:1190) ~[tomcat-embed-core-10.1.34.jar:10.1.34]
	at org.apache.tomcat.util.threads.ThreadPoolExecutor$Worker.run(ThreadPoolExecutor.java:659) ~[tomcat-embed-core-10.1.34.jar:10.1.34]
	at org.apache.tomcat.util.threads.TaskThread$WrappingRunnable.run(TaskThread.java:63) ~[tomcat-embed-core-10.1.34.jar:10.1.34]
	at java.base/java.lang.Thread.run(Thread.java:1583) ~[na:na]

2025-01-23T13:11:09.816+03:00  INFO 24268 --- [main] o.h.t.TaskTrackerAppApplication          : Starting TaskTrackerAppApplication using Java 21.0.4 with PID 24268 (C:\Users\Sinan\Desktop\Java16\TaskTrackerApp\build\classes\java\main started by Sinan in C:\Users\Sinan\Desktop\Java16\TaskTrackerApp)
2025-01-23T13:11:09.818+03:00 DEBUG 24268 --- [main] o.h.t.TaskTrackerAppApplication          : Running with Spring Boot v3.4.1, Spring v6.2.1
2025-01-23T13:11:09.819+03:00  INFO 24268 --- [main] o.h.t.TaskTrackerAppApplication          : No active profile set, falling back to 1 default profile: "default"
2025-01-23T13:11:14.100+03:00  INFO 24268 --- [main] o.h.t.TaskTrackerAppApplication          : Started TaskTrackerAppApplication in 4.988 seconds (process running for 6.081)
2025-01-23T13:12:27.139+03:00  INFO 6940 --- [main] o.h.t.TaskTrackerAppApplication          : Starting TaskTrackerAppApplication using Java 21.0.4 with PID 6940 (C:\Users\Sinan\Desktop\Java16\TaskTrackerApp\build\classes\java\main started by Sinan in C:\Users\Sinan\Desktop\Java16\TaskTrackerApp)
2025-01-23T13:12:27.140+03:00 DEBUG 6940 --- [main] o.h.t.TaskTrackerAppApplication          : Running with Spring Boot v3.4.1, Spring v6.2.1
2025-01-23T13:12:27.141+03:00  INFO 6940 --- [main] o.h.t.TaskTrackerAppApplication          : No active profile set, falling back to 1 default profile: "default"
2025-01-23T13:12:30.778+03:00  INFO 6940 --- [main] o.h.t.TaskTrackerAppApplication          : Started TaskTrackerAppApplication in 4.247 seconds (process running for 5.261)
2025-01-23T13:12:45.248+03:00 ERROR 6940 --- [http-nio-9090-exec-1] o.h.t.exception.GlobalExceptionHandler   : All errors occur at :Validation Errors, Please check validation rules[role Validation Error: boş değer olamaz]
2025-01-23T13:13:26.094+03:00  INFO 4916 --- [main] o.h.t.TaskTrackerAppApplication          : Starting TaskTrackerAppApplication using Java 21.0.4 with PID 4916 (C:\Users\Sinan\Desktop\Java16\TaskTrackerApp\build\classes\java\main started by Sinan in C:\Users\Sinan\Desktop\Java16\TaskTrackerApp)
2025-01-23T13:13:26.096+03:00 DEBUG 4916 --- [main] o.h.t.TaskTrackerAppApplication          : Running with Spring Boot v3.4.1, Spring v6.2.1
2025-01-23T13:13:26.097+03:00  INFO 4916 --- [main] o.h.t.TaskTrackerAppApplication          : No active profile set, falling back to 1 default profile: "default"
2025-01-23T13:13:29.760+03:00  INFO 4916 --- [main] o.h.t.TaskTrackerAppApplication          : Started TaskTrackerAppApplication in 4.32 seconds (process running for 5.396)
2025-01-23T13:15:02.272+03:00 ERROR 4916 --- [http-nio-9090-exec-8] o.h.engine.jdbc.spi.SqlExceptionHelper   : ERROR: duplicate key value violates unique constraint "tbl_users_email_key"
  Ayrıntı: Key (email)=(hatice@gmail.com) already exists.
2025-01-23T13:15:02.286+03:00 ERROR 4916 --- [http-nio-9090-exec-8] o.h.t.exception.GlobalExceptionHandler   : All errors occur at :Server Error, Try Again Later[could not execute statement [ERROR: duplicate key value violates unique constraint "tbl_users_email_key"
  Ayrıntı: Key (email)=(hatice@gmail.com) already exists.] [insert into tbl_users (created_date,email,password,role,updated_date,username) values (?,?,?,?,?,?)]; SQL [insert into tbl_users (created_date,email,password,role,updated_date,username) values (?,?,?,?,?,?)]; constraint [tbl_users_email_key]]
2025-01-23T13:15:10.779+03:00 ERROR 4916 --- [http-nio-9090-exec-4] o.h.engine.jdbc.spi.SqlExceptionHelper   : ERROR: duplicate key value violates unique constraint "tbl_users_username_key"
  Ayrıntı: Key (username)=(hatice) already exists.
2025-01-23T13:15:10.783+03:00 ERROR 4916 --- [http-nio-9090-exec-4] o.h.t.exception.GlobalExceptionHandler   : All errors occur at :Server Error, Try Again Later[could not execute statement [ERROR: duplicate key value violates unique constraint "tbl_users_username_key"
  Ayrıntı: Key (username)=(hatice) already exists.] [insert into tbl_users (created_date,email,password,role,updated_date,username) values (?,?,?,?,?,?)]; SQL [insert into tbl_users (created_date,email,password,role,updated_date,username) values (?,?,?,?,?,?)]; constraint [tbl_users_username_key]]
2025-01-23T13:19:02.830+03:00  INFO 7396 --- [main] o.h.t.TaskTrackerAppApplication          : Starting TaskTrackerAppApplication using Java 21.0.4 with PID 7396 (C:\Users\Sinan\Desktop\Java16\TaskTrackerApp\build\classes\java\main started by Sinan in C:\Users\Sinan\Desktop\Java16\TaskTrackerApp)
2025-01-23T13:19:02.834+03:00 DEBUG 7396 --- [main] o.h.t.TaskTrackerAppApplication          : Running with Spring Boot v3.4.1, Spring v6.2.1
2025-01-23T13:19:02.835+03:00  INFO 7396 --- [main] o.h.t.TaskTrackerAppApplication          : No active profile set, falling back to 1 default profile: "default"
2025-01-23T13:19:06.342+03:00  INFO 7396 --- [main] o.h.t.TaskTrackerAppApplication          : Started TaskTrackerAppApplication in 4.161 seconds (process running for 5.006)
2025-01-23T13:27:30.344+03:00 ERROR 7396 --- [http-nio-9090-exec-8] o.h.t.exception.GlobalExceptionHandler   : All errors occur at :User not found[User not found]
2025-01-23T13:29:29.448+03:00  INFO 12404 --- [main] o.h.t.TaskTrackerAppApplication          : Starting TaskTrackerAppApplication using Java 21.0.4 with PID 12404 (C:\Users\Sinan\Desktop\Java16\TaskTrackerApp\build\classes\java\main started by Sinan in C:\Users\Sinan\Desktop\Java16\TaskTrackerApp)
2025-01-23T13:29:29.450+03:00 DEBUG 12404 --- [main] o.h.t.TaskTrackerAppApplication          : Running with Spring Boot v3.4.1, Spring v6.2.1
2025-01-23T13:29:29.451+03:00  INFO 12404 --- [main] o.h.t.TaskTrackerAppApplication          : No active profile set, falling back to 1 default profile: "default"
2025-01-23T13:29:32.997+03:00  INFO 12404 --- [main] o.h.t.TaskTrackerAppApplication          : Started TaskTrackerAppApplication in 4.097 seconds (process running for 4.902)
2025-01-23T13:37:52.060+03:00  INFO 19676 --- [main] o.h.t.TaskTrackerAppApplication          : Starting TaskTrackerAppApplication using Java 21.0.4 with PID 19676 (C:\Users\Sinan\Desktop\Java16\TaskTrackerApp\build\classes\java\main started by Sinan in C:\Users\Sinan\Desktop\Java16\TaskTrackerApp)
2025-01-23T13:37:52.063+03:00 DEBUG 19676 --- [main] o.h.t.TaskTrackerAppApplication          : Running with Spring Boot v3.4.1, Spring v6.2.1
2025-01-23T13:37:52.064+03:00  INFO 19676 --- [main] o.h.t.TaskTrackerAppApplication          : No active profile set, falling back to 1 default profile: "default"
2025-01-23T13:37:55.914+03:00  INFO 19676 --- [main] o.h.t.TaskTrackerAppApplication          : Started TaskTrackerAppApplication in 4.567 seconds (process running for 5.57)
2025-01-23T13:38:43.197+03:00  INFO 11752 --- [main] o.h.t.TaskTrackerAppApplication          : Starting TaskTrackerAppApplication using Java 21.0.4 with PID 11752 (C:\Users\Sinan\Desktop\Java16\TaskTrackerApp\build\classes\java\main started by Sinan in C:\Users\Sinan\Desktop\Java16\TaskTrackerApp)
2025-01-23T13:38:43.199+03:00 DEBUG 11752 --- [main] o.h.t.TaskTrackerAppApplication          : Running with Spring Boot v3.4.1, Spring v6.2.1
2025-01-23T13:38:43.200+03:00  INFO 11752 --- [main] o.h.t.TaskTrackerAppApplication          : No active profile set, falling back to 1 default profile: "default"
2025-01-23T13:38:46.584+03:00  INFO 11752 --- [main] o.h.t.TaskTrackerAppApplication          : Started TaskTrackerAppApplication in 3.89 seconds (process running for 4.66)
2025-01-23T15:07:17.154+03:00  INFO 16720 --- [main] o.h.t.TaskTrackerAppApplication          : Starting TaskTrackerAppApplication using Java 21.0.4 with PID 16720 (C:\Users\Sinan\Desktop\Java16\TaskTrackerApp\build\classes\java\main started by Sinan in C:\Users\Sinan\Desktop\Java16\TaskTrackerApp)
2025-01-23T15:07:17.156+03:00 DEBUG 16720 --- [main] o.h.t.TaskTrackerAppApplication          : Running with Spring Boot v3.4.1, Spring v6.2.1
2025-01-23T15:07:17.157+03:00  INFO 16720 --- [main] o.h.t.TaskTrackerAppApplication          : No active profile set, falling back to 1 default profile: "default"
2025-01-23T15:07:21.051+03:00  INFO 16720 --- [main] o.h.t.TaskTrackerAppApplication          : Started TaskTrackerAppApplication in 5.123 seconds (process running for 6.029)
2025-01-23T15:14:21.276+03:00 ERROR 16720 --- [http-nio-9090-exec-10] o.h.t.exception.GlobalExceptionHandler   : All errors occur at :Userlist is Empty[Userlist is Empty]
2025-01-23T15:29:20.010+03:00  INFO 3696 --- [main] o.h.t.TaskTrackerAppApplication          : Starting TaskTrackerAppApplication using Java 21.0.4 with PID 3696 (C:\Users\Sinan\Desktop\Java16\TaskTrackerApp\build\classes\java\main started by Sinan in C:\Users\Sinan\Desktop\Java16\TaskTrackerApp)
2025-01-23T15:29:20.012+03:00 DEBUG 3696 --- [main] o.h.t.TaskTrackerAppApplication          : Running with Spring Boot v3.4.1, Spring v6.2.1
2025-01-23T15:29:20.012+03:00  INFO 3696 --- [main] o.h.t.TaskTrackerAppApplication          : No active profile set, falling back to 1 default profile: "default"
2025-01-23T15:29:23.812+03:00  INFO 3696 --- [main] o.h.t.TaskTrackerAppApplication          : Started TaskTrackerAppApplication in 4.357 seconds (process running for 5.395)
2025-01-23T15:34:06.040+03:00  INFO 26832 --- [main] o.h.t.TaskTrackerAppApplication          : Starting TaskTrackerAppApplication using Java 21.0.4 with PID 26832 (C:\Users\Sinan\Desktop\Java16\TaskTrackerApp\build\classes\java\main started by Sinan in C:\Users\Sinan\Desktop\Java16\TaskTrackerApp)
2025-01-23T15:34:06.043+03:00 DEBUG 26832 --- [main] o.h.t.TaskTrackerAppApplication          : Running with Spring Boot v3.4.1, Spring v6.2.1
2025-01-23T15:34:06.043+03:00  INFO 26832 --- [main] o.h.t.TaskTrackerAppApplication          : No active profile set, falling back to 1 default profile: "default"
2025-01-23T15:34:09.769+03:00  INFO 26832 --- [main] o.h.t.TaskTrackerAppApplication          : Started TaskTrackerAppApplication in 4.283 seconds (process running for 4.952)
2025-01-23T15:35:27.296+03:00  INFO 20724 --- [main] o.h.t.TaskTrackerAppApplication          : Starting TaskTrackerAppApplication using Java 21.0.4 with PID 20724 (C:\Users\Sinan\Desktop\Java16\TaskTrackerApp\build\classes\java\main started by Sinan in C:\Users\Sinan\Desktop\Java16\TaskTrackerApp)
2025-01-23T15:35:27.298+03:00 DEBUG 20724 --- [main] o.h.t.TaskTrackerAppApplication          : Running with Spring Boot v3.4.1, Spring v6.2.1
2025-01-23T15:35:27.299+03:00  INFO 20724 --- [main] o.h.t.TaskTrackerAppApplication          : No active profile set, falling back to 1 default profile: "default"
2025-01-23T15:35:30.891+03:00  INFO 20724 --- [main] o.h.t.TaskTrackerAppApplication          : Started TaskTrackerAppApplication in 4.385 seconds (process running for 5.668)
2025-01-23T15:35:36.343+03:00 ERROR 20724 --- [http-nio-9090-exec-1] o.h.t.exception.GlobalExceptionHandler   : All errors occur at :Userlist is Empty[Userlist is Empty]
2025-01-23T15:35:46.072+03:00 ERROR 20724 --- [http-nio-9090-exec-3] o.h.t.exception.GlobalExceptionHandler   : All errors occur at :User not found[User not found]
2025-01-23T15:45:24.718+03:00  INFO 26628 --- [main] o.h.t.TaskTrackerAppApplication          : Starting TaskTrackerAppApplication using Java 21.0.4 with PID 26628 (C:\Users\Sinan\Desktop\Java16\TaskTrackerApp\build\classes\java\main started by Sinan in C:\Users\Sinan\Desktop\Java16\TaskTrackerApp)
2025-01-23T15:45:24.719+03:00 DEBUG 26628 --- [main] o.h.t.TaskTrackerAppApplication          : Running with Spring Boot v3.4.1, Spring v6.2.1
2025-01-23T15:45:24.720+03:00  INFO 26628 --- [main] o.h.t.TaskTrackerAppApplication          : No active profile set, falling back to 1 default profile: "default"
2025-01-23T15:45:28.222+03:00  INFO 26628 --- [main] o.h.t.TaskTrackerAppApplication          : Started TaskTrackerAppApplication in 4.013 seconds (process running for 4.884)
2025-01-23T15:53:05.072+03:00  INFO 1164 --- [main] o.h.t.TaskTrackerAppApplication          : Starting TaskTrackerAppApplication using Java 21.0.4 with PID 1164 (C:\Users\Sinan\Desktop\Java16\TaskTrackerApp\build\classes\java\main started by Sinan in C:\Users\Sinan\Desktop\Java16\TaskTrackerApp)
2025-01-23T15:53:05.073+03:00 DEBUG 1164 --- [main] o.h.t.TaskTrackerAppApplication          : Running with Spring Boot v3.4.1, Spring v6.2.1
2025-01-23T15:53:05.074+03:00  INFO 1164 --- [main] o.h.t.TaskTrackerAppApplication          : No active profile set, falling back to 1 default profile: "default"
2025-01-23T15:53:11.310+03:00  INFO 1164 --- [main] o.h.t.TaskTrackerAppApplication          : Started TaskTrackerAppApplication in 6.872 seconds (process running for 8.145)
2025-01-23T15:55:24.195+03:00  INFO 12644 --- [main] o.h.t.TaskTrackerAppApplication          : Starting TaskTrackerAppApplication using Java 21.0.4 with PID 12644 (C:\Users\Sinan\Desktop\Java16\TaskTrackerApp\build\classes\java\main started by Sinan in C:\Users\Sinan\Desktop\Java16\TaskTrackerApp)
2025-01-23T15:55:24.197+03:00 DEBUG 12644 --- [main] o.h.t.TaskTrackerAppApplication          : Running with Spring Boot v3.4.1, Spring v6.2.1
2025-01-23T15:55:24.198+03:00  INFO 12644 --- [main] o.h.t.TaskTrackerAppApplication          : No active profile set, falling back to 1 default profile: "default"
2025-01-23T15:55:28.865+03:00  INFO 12644 --- [main] o.h.t.TaskTrackerAppApplication          : Started TaskTrackerAppApplication in 5.326 seconds (process running for 6.471)
2025-01-23T15:57:43.330+03:00  INFO 4808 --- [main] o.h.t.TaskTrackerAppApplication          : Starting TaskTrackerAppApplication using Java 21.0.4 with PID 4808 (C:\Users\Sinan\Desktop\Java16\TaskTrackerApp\build\classes\java\main started by Sinan in C:\Users\Sinan\Desktop\Java16\TaskTrackerApp)
2025-01-23T15:57:43.332+03:00 DEBUG 4808 --- [main] o.h.t.TaskTrackerAppApplication          : Running with Spring Boot v3.4.1, Spring v6.2.1
2025-01-23T15:57:43.332+03:00  INFO 4808 --- [main] o.h.t.TaskTrackerAppApplication          : No active profile set, falling back to 1 default profile: "default"
2025-01-23T15:57:47.446+03:00  INFO 4808 --- [main] o.h.t.TaskTrackerAppApplication          : Started TaskTrackerAppApplication in 4.634 seconds (process running for 5.622)
2025-01-23T16:00:09.920+03:00  INFO 17208 --- [main] o.h.t.TaskTrackerAppApplication          : Starting TaskTrackerAppApplication using Java 21.0.4 with PID 17208 (C:\Users\Sinan\Desktop\Java16\TaskTrackerApp\build\classes\java\main started by Sinan in C:\Users\Sinan\Desktop\Java16\TaskTrackerApp)
2025-01-23T16:00:09.922+03:00 DEBUG 17208 --- [main] o.h.t.TaskTrackerAppApplication          : Running with Spring Boot v3.4.1, Spring v6.2.1
2025-01-23T16:00:09.923+03:00  INFO 17208 --- [main] o.h.t.TaskTrackerAppApplication          : No active profile set, falling back to 1 default profile: "default"
2025-01-23T16:00:13.986+03:00  INFO 17208 --- [main] o.h.t.TaskTrackerAppApplication          : Started TaskTrackerAppApplication in 4.604 seconds (process running for 5.554)
2025-01-23T16:01:51.630+03:00  INFO 12824 --- [main] o.h.t.TaskTrackerAppApplication          : Starting TaskTrackerAppApplication using Java 21.0.4 with PID 12824 (C:\Users\Sinan\Desktop\Java16\TaskTrackerApp\build\classes\java\main started by Sinan in C:\Users\Sinan\Desktop\Java16\TaskTrackerApp)
2025-01-23T16:01:51.631+03:00 DEBUG 12824 --- [main] o.h.t.TaskTrackerAppApplication          : Running with Spring Boot v3.4.1, Spring v6.2.1
2025-01-23T16:01:51.632+03:00  INFO 12824 --- [main] o.h.t.TaskTrackerAppApplication          : No active profile set, falling back to 1 default profile: "default"
2025-01-23T16:01:55.150+03:00  INFO 12824 --- [main] o.h.t.TaskTrackerAppApplication          : Started TaskTrackerAppApplication in 4.22 seconds (process running for 5.209)
2025-01-23T16:03:02.478+03:00  INFO 13192 --- [main] o.h.t.TaskTrackerAppApplication          : Starting TaskTrackerAppApplication using Java 21.0.4 with PID 13192 (C:\Users\Sinan\Desktop\Java16\TaskTrackerApp\build\classes\java\main started by Sinan in C:\Users\Sinan\Desktop\Java16\TaskTrackerApp)
2025-01-23T16:03:02.481+03:00 DEBUG 13192 --- [main] o.h.t.TaskTrackerAppApplication          : Running with Spring Boot v3.4.1, Spring v6.2.1
2025-01-23T16:03:02.482+03:00  INFO 13192 --- [main] o.h.t.TaskTrackerAppApplication          : No active profile set, falling back to 1 default profile: "default"
2025-01-23T16:03:05.991+03:00  INFO 13192 --- [main] o.h.t.TaskTrackerAppApplication          : Started TaskTrackerAppApplication in 4.028 seconds (process running for 4.829)
2025-01-23T16:06:05.372+03:00  INFO 16896 --- [main] o.h.t.TaskTrackerAppApplication          : Starting TaskTrackerAppApplication using Java 21.0.4 with PID 16896 (C:\Users\Sinan\Desktop\Java16\TaskTrackerApp\build\classes\java\main started by Sinan in C:\Users\Sinan\Desktop\Java16\TaskTrackerApp)
2025-01-23T16:06:05.374+03:00 DEBUG 16896 --- [main] o.h.t.TaskTrackerAppApplication          : Running with Spring Boot v3.4.1, Spring v6.2.1
2025-01-23T16:06:05.375+03:00  INFO 16896 --- [main] o.h.t.TaskTrackerAppApplication          : No active profile set, falling back to 1 default profile: "default"
2025-01-23T16:06:09.492+03:00  INFO 16896 --- [main] o.h.t.TaskTrackerAppApplication          : Started TaskTrackerAppApplication in 4.669 seconds (process running for 5.614)
2025-01-23T16:08:08.094+03:00  INFO 21444 --- [main] o.h.t.TaskTrackerAppApplication          : Starting TaskTrackerAppApplication using Java 21.0.4 with PID 21444 (C:\Users\Sinan\Desktop\Java16\TaskTrackerApp\build\classes\java\main started by Sinan in C:\Users\Sinan\Desktop\Java16\TaskTrackerApp)
2025-01-23T16:08:08.096+03:00 DEBUG 21444 --- [main] o.h.t.TaskTrackerAppApplication          : Running with Spring Boot v3.4.1, Spring v6.2.1
2025-01-23T16:08:08.097+03:00  INFO 21444 --- [main] o.h.t.TaskTrackerAppApplication          : No active profile set, falling back to 1 default profile: "default"
2025-01-23T16:08:11.889+03:00  INFO 21444 --- [main] o.h.t.TaskTrackerAppApplication          : Started TaskTrackerAppApplication in 4.296 seconds (process running for 5.056)
2025-01-23T16:09:40.948+03:00  INFO 16704 --- [main] o.h.t.TaskTrackerAppApplication          : Starting TaskTrackerAppApplication using Java 21.0.4 with PID 16704 (C:\Users\Sinan\Desktop\Java16\TaskTrackerApp\build\classes\java\main started by Sinan in C:\Users\Sinan\Desktop\Java16\TaskTrackerApp)
2025-01-23T16:09:40.950+03:00 DEBUG 16704 --- [main] o.h.t.TaskTrackerAppApplication          : Running with Spring Boot v3.4.1, Spring v6.2.1
2025-01-23T16:09:40.951+03:00  INFO 16704 --- [main] o.h.t.TaskTrackerAppApplication          : No active profile set, falling back to 1 default profile: "default"
2025-01-23T16:09:44.962+03:00  INFO 16704 --- [main] o.h.t.TaskTrackerAppApplication          : Started TaskTrackerAppApplication in 4.488 seconds (process running for 5.284)
2025-01-23T16:14:34.979+03:00  INFO 24948 --- [main] o.h.t.TaskTrackerAppApplication          : Starting TaskTrackerAppApplication using Java 21.0.4 with PID 24948 (C:\Users\Sinan\Desktop\Java16\TaskTrackerApp\build\classes\java\main started by Sinan in C:\Users\Sinan\Desktop\Java16\TaskTrackerApp)
2025-01-23T16:14:34.981+03:00 DEBUG 24948 --- [main] o.h.t.TaskTrackerAppApplication          : Running with Spring Boot v3.4.1, Spring v6.2.1
2025-01-23T16:14:34.982+03:00  INFO 24948 --- [main] o.h.t.TaskTrackerAppApplication          : No active profile set, falling back to 1 default profile: "default"
2025-01-23T16:14:38.734+03:00  INFO 24948 --- [main] o.h.t.TaskTrackerAppApplication          : Started TaskTrackerAppApplication in 4.255 seconds (process running for 5.129)
2025-01-23T16:24:30.841+03:00  INFO 4184 --- [main] o.h.t.TaskTrackerAppApplication          : Starting TaskTrackerAppApplication using Java 21.0.4 with PID 4184 (C:\Users\Sinan\Desktop\Java16\TaskTrackerApp\build\classes\java\main started by Sinan in C:\Users\Sinan\Desktop\Java16\TaskTrackerApp)
2025-01-23T16:24:30.843+03:00 DEBUG 4184 --- [main] o.h.t.TaskTrackerAppApplication          : Running with Spring Boot v3.4.1, Spring v6.2.1
2025-01-23T16:24:30.844+03:00  INFO 4184 --- [main] o.h.t.TaskTrackerAppApplication          : No active profile set, falling back to 1 default profile: "default"
2025-01-23T16:24:34.885+03:00  INFO 4184 --- [main] o.h.t.TaskTrackerAppApplication          : Started TaskTrackerAppApplication in 4.593 seconds (process running for 5.443)
2025-01-23T16:24:58.075+03:00  INFO 27576 --- [main] o.h.t.TaskTrackerAppApplication          : Starting TaskTrackerAppApplication using Java 21.0.4 with PID 27576 (C:\Users\Sinan\Desktop\Java16\TaskTrackerApp\build\classes\java\main started by Sinan in C:\Users\Sinan\Desktop\Java16\TaskTrackerApp)
2025-01-23T16:24:58.076+03:00 DEBUG 27576 --- [main] o.h.t.TaskTrackerAppApplication          : Running with Spring Boot v3.4.1, Spring v6.2.1
2025-01-23T16:24:58.077+03:00  INFO 27576 --- [main] o.h.t.TaskTrackerAppApplication          : No active profile set, falling back to 1 default profile: "default"
2025-01-23T16:25:01.767+03:00  INFO 27576 --- [main] o.h.t.TaskTrackerAppApplication          : Started TaskTrackerAppApplication in 4.206 seconds (process running for 5.065)
2025-01-23T16:35:47.814+03:00  INFO 18020 --- [main] o.h.t.TaskTrackerAppApplication          : Starting TaskTrackerAppApplication using Java 21.0.4 with PID 18020 (C:\Users\Sinan\Desktop\Java16\TaskTrackerApp\build\classes\java\main started by Sinan in C:\Users\Sinan\Desktop\Java16\TaskTrackerApp)
2025-01-23T16:35:47.816+03:00 DEBUG 18020 --- [main] o.h.t.TaskTrackerAppApplication          : Running with Spring Boot v3.4.1, Spring v6.2.1
2025-01-23T16:35:47.817+03:00  INFO 18020 --- [main] o.h.t.TaskTrackerAppApplication          : No active profile set, falling back to 1 default profile: "default"
2025-01-23T16:35:51.172+03:00 DEBUG 18020 --- [main] o.h.t.config.JwtTokenFilter              : Filter 'getJwtTokenFilter' configured for use
2025-01-23T16:35:51.695+03:00  INFO 18020 --- [main] o.h.t.TaskTrackerAppApplication          : Started TaskTrackerAppApplication in 4.385 seconds (process running for 5.036)
2025-01-23T16:55:47.992+03:00  INFO 2460 --- [main] o.h.t.TaskTrackerAppApplication          : Starting TaskTrackerAppApplication using Java 21.0.4 with PID 2460 (C:\Users\Sinan\Desktop\Java16\TaskTrackerApp\build\classes\java\main started by Sinan in C:\Users\Sinan\Desktop\Java16\TaskTrackerApp)
2025-01-23T16:55:47.994+03:00 DEBUG 2460 --- [main] o.h.t.TaskTrackerAppApplication          : Running with Spring Boot v3.4.1, Spring v6.2.1
2025-01-23T16:55:47.995+03:00  INFO 2460 --- [main] o.h.t.TaskTrackerAppApplication          : No active profile set, falling back to 1 default profile: "default"
2025-01-23T16:55:51.649+03:00 DEBUG 2460 --- [main] o.h.t.config.JwtTokenFilter              : Filter 'getJwtTokenFilter' configured for use
2025-01-23T16:55:52.241+03:00  INFO 2460 --- [main] o.h.t.TaskTrackerAppApplication          : Started TaskTrackerAppApplication in 4.879 seconds (process running for 5.642)
2025-01-23T16:56:22.786+03:00  INFO 2460 --- [http-nio-9090-exec-1] o.h.t.config.JwtTokenFilter              : JwtTokenFilter doFilterInternal çalıştı...
2025-01-23T16:56:22.787+03:00  WARN 2460 --- [http-nio-9090-exec-1] o.h.t.config.JwtTokenFilter              : Gelen Token: null
2025-01-23T17:02:27.062+03:00  INFO 24756 --- [main] o.h.t.TaskTrackerAppApplication          : Starting TaskTrackerAppApplication using Java 21.0.4 with PID 24756 (C:\Users\Sinan\Desktop\Java16\TaskTrackerApp\build\classes\java\main started by Sinan in C:\Users\Sinan\Desktop\Java16\TaskTrackerApp)
2025-01-23T17:02:27.065+03:00 DEBUG 24756 --- [main] o.h.t.TaskTrackerAppApplication          : Running with Spring Boot v3.4.1, Spring v6.2.1
2025-01-23T17:02:27.065+03:00  INFO 24756 --- [main] o.h.t.TaskTrackerAppApplication          : No active profile set, falling back to 1 default profile: "default"
2025-01-23T17:02:30.711+03:00 DEBUG 24756 --- [main] o.h.t.config.JwtTokenFilter              : Filter 'getJwtTokenFilter' configured for use
2025-01-23T17:02:31.254+03:00  INFO 24756 --- [main] o.h.t.TaskTrackerAppApplication          : Started TaskTrackerAppApplication in 4.706 seconds (process running for 5.433)
2025-01-23T17:08:22.337+03:00  INFO 2212 --- [restartedMain] o.h.t.TaskTrackerAppApplication          : Starting TaskTrackerAppApplication using Java 21.0.4 with PID 2212 (C:\Users\Sinan\Desktop\Java16\TaskTrackerApp\build\classes\java\main started by Sinan in C:\Users\Sinan\Desktop\Java16\TaskTrackerApp)
2025-01-23T17:08:22.340+03:00 DEBUG 2212 --- [restartedMain] o.h.t.TaskTrackerAppApplication          : Running with Spring Boot v3.4.1, Spring v6.2.1
2025-01-23T17:08:22.341+03:00  INFO 2212 --- [restartedMain] o.h.t.TaskTrackerAppApplication          : No active profile set, falling back to 1 default profile: "default"
2025-01-23T17:08:26.399+03:00 DEBUG 2212 --- [restartedMain] o.h.t.config.JwtTokenFilter              : Filter 'getJwtTokenFilter' configured for use
2025-01-23T17:08:27.136+03:00  INFO 2212 --- [restartedMain] o.h.t.TaskTrackerAppApplication          : Started TaskTrackerAppApplication in 5.647 seconds (process running for 6.966)
2025-01-23T17:11:13.167+03:00  INFO 23236 --- [restartedMain] o.h.t.TaskTrackerAppApplication          : Starting TaskTrackerAppApplication using Java 21.0.4 with PID 23236 (C:\Users\Sinan\Desktop\Java16\TaskTrackerApp\build\classes\java\main started by Sinan in C:\Users\Sinan\Desktop\Java16\TaskTrackerApp)
2025-01-23T17:11:13.169+03:00 DEBUG 23236 --- [restartedMain] o.h.t.TaskTrackerAppApplication          : Running with Spring Boot v3.4.1, Spring v6.2.1
2025-01-23T17:11:13.170+03:00  INFO 23236 --- [restartedMain] o.h.t.TaskTrackerAppApplication          : No active profile set, falling back to 1 default profile: "default"
2025-01-23T17:11:16.737+03:00 DEBUG 23236 --- [restartedMain] o.h.t.config.JwtTokenFilter              : Filter 'getJwtTokenFilter' configured for use
2025-01-23T17:11:17.447+03:00  INFO 23236 --- [restartedMain] o.h.t.TaskTrackerAppApplication          : Started TaskTrackerAppApplication in 4.824 seconds (process running for 5.648)
2025-01-23T17:11:32.312+03:00  INFO 23236 --- [http-nio-9090-exec-1] o.h.t.config.JwtTokenFilter              : JwtTokenFilter doFilterInternal çalıştı...
2025-01-23T17:11:32.312+03:00  WARN 23236 --- [http-nio-9090-exec-1] o.h.t.config.JwtTokenFilter              : Gelen Token: null
2025-01-23T17:12:51.950+03:00  INFO 16848 --- [restartedMain] o.h.t.TaskTrackerAppApplication          : Starting TaskTrackerAppApplication using Java 21.0.4 with PID 16848 (C:\Users\Sinan\Desktop\Java16\TaskTrackerApp\build\classes\java\main started by Sinan in C:\Users\Sinan\Desktop\Java16\TaskTrackerApp)
2025-01-23T17:12:51.952+03:00 DEBUG 16848 --- [restartedMain] o.h.t.TaskTrackerAppApplication          : Running with Spring Boot v3.4.1, Spring v6.2.1
2025-01-23T17:12:51.952+03:00  INFO 16848 --- [restartedMain] o.h.t.TaskTrackerAppApplication          : No active profile set, falling back to 1 default profile: "default"
2025-01-23T17:12:55.832+03:00 DEBUG 16848 --- [restartedMain] o.h.t.config.JwtTokenFilter              : Filter 'getJwtTokenFilter' configured for use
2025-01-23T17:12:56.595+03:00  INFO 16848 --- [restartedMain] o.h.t.TaskTrackerAppApplication          : Started TaskTrackerAppApplication in 5.155 seconds (process running for 5.994)
2025-01-23T17:16:26.967+03:00  INFO 11620 --- [restartedMain] o.h.t.TaskTrackerAppApplication          : Starting TaskTrackerAppApplication using Java 21.0.4 with PID 11620 (C:\Users\Sinan\Desktop\Java16\TaskTrackerApp\build\classes\java\main started by Sinan in C:\Users\Sinan\Desktop\Java16\TaskTrackerApp)
2025-01-23T17:16:26.968+03:00 DEBUG 11620 --- [restartedMain] o.h.t.TaskTrackerAppApplication          : Running with Spring Boot v3.4.1, Spring v6.2.1
2025-01-23T17:16:26.969+03:00  INFO 11620 --- [restartedMain] o.h.t.TaskTrackerAppApplication          : No active profile set, falling back to 1 default profile: "default"
2025-01-23T17:16:30.533+03:00 DEBUG 11620 --- [restartedMain] o.h.t.config.JwtTokenFilter              : Filter 'getJwtTokenFilter' configured for use
2025-01-23T17:16:31.234+03:00  INFO 11620 --- [restartedMain] o.h.t.TaskTrackerAppApplication          : Started TaskTrackerAppApplication in 4.765 seconds (process running for 5.658)
2025-01-23T17:16:50.384+03:00  INFO 11620 --- [http-nio-9090-exec-1] o.h.t.config.JwtTokenFilter              : JwtTokenFilter doFilterInternal çalıştı...
2025-01-23T17:16:50.384+03:00  WARN 11620 --- [http-nio-9090-exec-1] o.h.t.config.JwtTokenFilter              : Gelen Token: null
2025-01-23T17:17:27.629+03:00  INFO 11620 --- [http-nio-9090-exec-3] o.h.t.config.JwtTokenFilter              : JwtTokenFilter doFilterInternal çalıştı...
2025-01-23T17:17:27.629+03:00  WARN 11620 --- [http-nio-9090-exec-3] o.h.t.config.JwtTokenFilter              : Gelen Token: null
2025-01-23T17:17:27.663+03:00 ERROR 11620 --- [http-nio-9090-exec-3] o.h.t.exception.GlobalExceptionHandler   : All errors occur at :Validation Errors, Please check validation rules[username Validation Error: boş değer olamaz]
2025-01-23T17:17:57.655+03:00  INFO 11620 --- [http-nio-9090-exec-2] o.h.t.config.JwtTokenFilter              : JwtTokenFilter doFilterInternal çalıştı...
2025-01-23T17:17:57.655+03:00  WARN 11620 --- [http-nio-9090-exec-2] o.h.t.config.JwtTokenFilter              : Gelen Token: null
